# JRE version: OpenJDK Runtime Environment (17.0.6) (build 17.0.6+0-b2043.56-9586694)
# Java VM: OpenJDK 64-Bit Server VM (17.0.6+0-b2043.56-9586694, mixed mode, tiered, compressed oops, compressed class ptrs, g1 gc, windows-amd64)
GC Precious Log:
 CPUs: 16 total, 16 available
 Memory: 7563M
 Large Page Support: Disabled
 NUMA Support: Disabled
 Compressed Oops: Enabled (32-bit)
 Heap Region Size: 1M
 Heap Min Capacity: 8M
 Heap Initial Capacity: 120M
 Heap Max Capacity: 1536M
 Pre-touch: Disabled
 Parallel Workers: 13
 Concurrent Workers: 3
 Concurrent Refinement Workers: 13
 Periodic GC: Disabled
Heap:
 garbage-first heap   total 294912K, used 224858K [0x00000000a0000000, 0x0000000100000000)
  region size 1024K, 60 young (61440K), 5 survivors (5120K)
 Metaspace       used 96092K, committed 97216K, reserved 1138688K
  class space    used 13128K, committed 13568K, reserved 1048576K
GC Heap History (20 events):
Event: 25.844 GC heap before
{Heap before GC invocations=53 (full 0):
 garbage-first heap   total 189440K, used 120192K [0x00000000a0000000, 0x0000000100000000)
  region size 1024K, 9 young (9216K), 4 survivors (4096K)
 Metaspace       used 83344K, committed 84288K, reserved 1122304K
  class space    used 11320K, committed 11712K, reserved 1048576K
}
Event: 25.850 GC heap after
{Heap after GC invocations=54 (full 0):
 garbage-first heap   total 189440K, used 115813K [0x00000000a0000000, 0x0000000100000000)
  region size 1024K, 1 young (1024K), 1 survivors (1024K)
 Metaspace       used 83344K, committed 84288K, reserved 1122304K
  class space    used 11320K, committed 11712K, reserved 1048576K
}
Event: 26.564 GC heap before
{Heap before GC invocations=54 (full 0):
 garbage-first heap   total 189440K, used 145509K [0x00000000a0000000, 0x0000000100000000)
  region size 1024K, 30 young (30720K), 1 survivors (1024K)
 Metaspace       used 83611K, committed 84672K, reserved 1122304K
  class space    used 11353K, committed 11776K, reserved 1048576K
}
Event: 26.571 GC heap after
{Heap after GC invocations=55 (full 0):
 garbage-first heap   total 189440K, used 120439K [0x00000000a0000000, 0x0000000100000000)
  region size 1024K, 4 young (4096K), 4 survivors (4096K)
 Metaspace       used 83611K, committed 84672K, reserved 1122304K
  class space    used 11353K, committed 11776K, reserved 1048576K
}
Event: 27.908 GC heap before
{Heap before GC invocations=56 (full 0):
 garbage-first heap   total 211968K, used 155254K [0x00000000a0000000, 0x0000000100000000)
  region size 1024K, 31 young (31744K), 4 survivors (4096K)
 Metaspace       used 84022K, committed 85056K, reserved 1130496K
  class space    used 11384K, committed 11776K, reserved 1048576K
}
Event: 27.918 GC heap after
{Heap after GC invocations=57 (full 0):
 garbage-first heap   total 211968K, used 134705K [0x00000000a0000000, 0x0000000100000000)
  region size 1024K, 4 young (4096K), 4 survivors (4096K)
 Metaspace       used 84022K, committed 85056K, reserved 1130496K
  class space    used 11384K, committed 11776K, reserved 1048576K
}
Event: 28.028 GC heap before
{Heap before GC invocations=57 (full 0):
 garbage-first heap   total 211968K, used 140849K [0x00000000a0000000, 0x0000000100000000)
  region size 1024K, 10 young (10240K), 4 survivors (4096K)
 Metaspace       used 84063K, committed 85056K, reserved 1130496K
  class space    used 11388K, committed 11776K, reserved 1048576K
}
Event: 28.037 GC heap after
{Heap after GC invocations=58 (full 0):
 garbage-first heap   total 211968K, used 136636K [0x00000000a0000000, 0x0000000100000000)
  region size 1024K, 2 young (2048K), 2 survivors (2048K)
 Metaspace       used 84063K, committed 85056K, reserved 1130496K
  class space    used 11388K, committed 11776K, reserved 1048576K
}
Event: 28.726 GC heap before
{Heap before GC invocations=58 (full 0):
 garbage-first heap   total 211968K, used 167356K [0x00000000a0000000, 0x0000000100000000)
  region size 1024K, 32 young (32768K), 2 survivors (2048K)
 Metaspace       used 86129K, committed 87168K, reserved 1130496K
  class space    used 11701K, committed 12096K, reserved 1048576K
}
Event: 28.734 GC heap after
{Heap after GC invocations=59 (full 0):
 garbage-first heap   total 211968K, used 141567K [0x00000000a0000000, 0x0000000100000000)
  region size 1024K, 4 young (4096K), 4 survivors (4096K)
 Metaspace       used 86129K, committed 87168K, reserved 1130496K
  class space    used 11701K, committed 12096K, reserved 1048576K
}
Event: 29.618 GC heap before
{Heap before GC invocations=60 (full 0):
 garbage-first heap   total 244736K, used 169215K [0x00000000a0000000, 0x0000000100000000)
  region size 1024K, 31 young (31744K), 4 survivors (4096K)
 Metaspace       used 90411K, committed 91456K, reserved 1130496K
  class space    used 12318K, committed 12736K, reserved 1048576K
}
Event: 29.626 GC heap after
{Heap after GC invocations=61 (full 0):
 garbage-first heap   total 244736K, used 143805K [0x00000000a0000000, 0x0000000100000000)
  region size 1024K, 3 young (3072K), 3 survivors (3072K)
 Metaspace       used 90411K, committed 91456K, reserved 1130496K
  class space    used 12318K, committed 12736K, reserved 1048576K
}
Event: 29.834 GC heap before
{Heap before GC invocations=61 (full 0):
 garbage-first heap   total 244736K, used 151997K [0x00000000a0000000, 0x0000000100000000)
  region size 1024K, 11 young (11264K), 3 survivors (3072K)
 Metaspace       used 91079K, committed 92032K, reserved 1130496K
  class space    used 12421K, committed 12800K, reserved 1048576K
}
Event: 29.840 GC heap after
{Heap after GC invocations=62 (full 0):
 garbage-first heap   total 244736K, used 144296K [0x00000000a0000000, 0x0000000100000000)
  region size 1024K, 1 young (1024K), 1 survivors (1024K)
 Metaspace       used 91079K, committed 92032K, reserved 1130496K
  class space    used 12421K, committed 12800K, reserved 1048576K
}
Event: 30.786 GC heap before
{Heap before GC invocations=62 (full 0):
 garbage-first heap   total 244736K, used 190376K [0x00000000a0000000, 0x0000000100000000)
  region size 1024K, 46 young (47104K), 1 survivors (1024K)
 Metaspace       used 93216K, committed 94272K, reserved 1130496K
  class space    used 12673K, committed 13120K, reserved 1048576K
}
Event: 30.795 GC heap after
{Heap after GC invocations=63 (full 0):
 garbage-first heap   total 244736K, used 152734K [0x00000000a0000000, 0x0000000100000000)
  region size 1024K, 6 young (6144K), 6 survivors (6144K)
 Metaspace       used 93216K, committed 94272K, reserved 1130496K
  class space    used 12673K, committed 13120K, reserved 1048576K
}
Event: 31.442 GC heap before
{Heap before GC invocations=63 (full 0):
 garbage-first heap   total 244736K, used 194718K [0x00000000a0000000, 0x0000000100000000)
  region size 1024K, 47 young (48128K), 6 survivors (6144K)
 Metaspace       used 93837K, committed 94848K, reserved 1138688K
  class space    used 12747K, committed 13184K, reserved 1048576K
}
Event: 31.460 GC heap after
{Heap after GC invocations=64 (full 0):
 garbage-first heap   total 244736K, used 163925K [0x00000000a0000000, 0x0000000100000000)
  region size 1024K, 6 young (6144K), 6 survivors (6144K)
 Metaspace       used 93837K, committed 94848K, reserved 1138688K
  class space    used 12747K, committed 13184K, reserved 1048576K
}
Event: 32.123 GC heap before
{Heap before GC invocations=64 (full 0):
 garbage-first heap   total 244736K, used 197717K [0x00000000a0000000, 0x0000000100000000)
  region size 1024K, 39 young (39936K), 6 survivors (6144K)
 Metaspace       used 94674K, committed 95808K, reserved 1138688K
  class space    used 12862K, committed 13312K, reserved 1048576K
}
Event: 32.136 GC heap after
{Heap after GC invocations=65 (full 0):
 garbage-first heap   total 294912K, used 169562K [0x00000000a0000000, 0x0000000100000000)
  region size 1024K, 5 young (5120K), 5 survivors (5120K)
 Metaspace       used 94674K, committed 95808K, reserved 1138688K
  class space    used 12862K, committed 13312K, reserved 1048576K
}

